{
  "RSpec": {
    "coverage": {
      "/Users/bensheridanedwards/Documents/2019/Makers/Main-Course/Week-1/Boris_Bikes/spec/bike_spec.rb": {
        "lines": [
          1,
          null,
          1,
          null,
          5,
          null,
          1,
          1,
          1,
          null,
          null,
          1,
          1,
          1,
          null,
          null,
          null,
          1,
          1,
          2,
          null,
          null,
          1,
          1,
          null,
          null,
          1,
          1,
          null,
          null,
          null
        ]
      },
      "/Users/bensheridanedwards/Documents/2019/Makers/Main-Course/Week-1/Boris_Bikes/lib/bike.rb": {
        "lines": [
          1,
          null,
          1,
          null,
          1,
          4,
          null,
          null,
          1,
          3,
          null,
          null,
          1,
          1,
          null,
          null,
          1,
          3,
          null,
          null
        ]
      },
      "/Users/bensheridanedwards/Documents/2019/Makers/Main-Course/Week-1/Boris_Bikes/spec/docking_station_spec.rb": {
        "lines": [
          1,
          null,
          1,
          null,
          5,
          4,
          null,
          1,
          1,
          1,
          null,
          null,
          1,
          1,
          1,
          null,
          null,
          null,
          1,
          1,
          21,
          null,
          null,
          1,
          1,
          2,
          null,
          null,
          null,
          1,
          null,
          1,
          1,
          2,
          null,
          null,
          null,
          1,
          1,
          1,
          6,
          null,
          null,
          1,
          1,
          2,
          null,
          null,
          null
        ]
      },
      "/Users/bensheridanedwards/Documents/2019/Makers/Main-Course/Week-1/Boris_Bikes/lib/docking_station.rb": {
        "lines": [
          1,
          null,
          1,
          null,
          1,
          null,
          1,
          1,
          null,
          1,
          4,
          4,
          null,
          null,
          1,
          27,
          null,
          26,
          null,
          null,
          1,
          3,
          null,
          2,
          2,
          6,
          1,
          null,
          null,
          5,
          5,
          null,
          null,
          null,
          1,
          null,
          1,
          27,
          null,
          null,
          1,
          3,
          null,
          null,
          1,
          5,
          null,
          null
        ]
      }
    },
    "timestamp": 1582566076
  }
}
